<?xml version="1.0" encoding="UTF-8"?>
<!-- Generated by org.testng.reporters.JUnitXMLReporter -->
<testsuite ignored="0" hostname="LIN-JKJW7G3" failures="3" tests="8" name="Surefire test" time="14.174" errors="0" timestamp="2024-08-30T01:33:00 IST">
  <testcase classname="api.test.DDTest" name="testPostData" time="3.327"/>
  <testcase classname="api.test.DDTest" name="testPostData" time="1.315"/>
  <testcase classname="api.test.DDTest" name="testPostData" time="1.343"/>
  <testcase classname="api.test.DDTest" name="testDeleteUserByUserName" time="1.367">
    <failure type="java.lang.AssertionError" message="expected [200] but found [404]">
      <![CDATA[java.lang.AssertionError: expected [200] but found [404]
at api.test.DDTest.testDeleteUserByUserName(DDTest.java:34)
at java.base/java.util.ArrayList.forEach(ArrayList.java:1511)
... Removed 39 stack frames]]>
    </failure>
  </testcase> <!-- testDeleteUserByUserName -->
  <testcase classname="api.test.DDTest" name="testDeleteUserByUserName" time="1.349">
    <failure type="java.lang.AssertionError" message="expected [200] but found [404]">
      <![CDATA[java.lang.AssertionError: expected [200] but found [404]
at api.test.DDTest.testDeleteUserByUserName(DDTest.java:34)
at java.base/java.util.ArrayList.forEach(ArrayList.java:1511)
... Removed 39 stack frames]]>
    </failure>
  </testcase> <!-- testDeleteUserByUserName -->
  <testcase classname="api.test.DDTest" name="testDeleteUserByUserName" time="1.325">
    <failure type="java.lang.AssertionError" message="expected [200] but found [404]">
      <![CDATA[java.lang.AssertionError: expected [200] but found [404]
at api.test.DDTest.testDeleteUserByUserName(DDTest.java:34)
at java.base/java.util.ArrayList.forEach(ArrayList.java:1511)
... Removed 39 stack frames]]>
    </failure>
  </testcase> <!-- testDeleteUserByUserName -->
  <testcase classname="api.test.UserTests" name="testPostUser" time="1.402"/>
  <testcase classname="api.test.UserTests" name="testUpdateUser" time="1.343"/>
</testsuite> <!-- Surefire test -->
